[debug] [2026-07-13T17:13:47.426Z] : 
[debug] [2026-07-13T17:13:47.430Z] : ----------------------------------------------------------------------
[debug] [2026-07-13T17:13:47.431Z] : Command:      C:\Program Files\nodejs\node.exe C:\Users\GAUTAM\AppData\Roaming\npm\node_modules\zcatalyst-cli\lib\bin\catalyst.js serve
[debug] [2026-07-13T17:13:47.431Z] : CLI Version:  1.26.2
[debug] [2026-07-13T17:13:47.431Z] : Platform:     win32
[debug] [2026-07-13T17:13:47.432Z] : Node Version: v22.16.0
[debug] [2026-07-13T17:13:47.432Z] : Time:         Mon Jul 13 2026 22:43:47 GMT+0530 (India Standard Time)
[debug] [2026-07-13T17:13:47.432Z] : ----------------------------------------------------------------------
[debug] [2026-07-13T17:13:47.432Z] : 
[debug] [2026-07-13T17:13:50.296Z] : > authorizing via signed-in user option
[debug] [2026-07-13T17:13:50.298Z] : > command requires scopes: ["ZohoCatalyst.projects.ALL","ZohoCatalyst.apigateway.apis.READ","ZohoCatalyst.apigateway.READ","ZohoCatalyst.segments.ALL","ZohoCatalyst.cache.READ","ZohoCatalyst.cache.CREATE","ZohoCatalyst.cache.DELETE","ZohoCatalyst.projects.ALL","ZohoCatalyst.cron.ALL","ZohoCatalyst.zcql.CREATE","ZohoCatalyst.projects.users.READ","ZohoCatalyst.projects.users.CREATE","ZohoCatalyst.projects.users.DELETE","ZohoCatalyst.projects.users.UPDATE","ZohoCatalyst.authentication.CREATE","ZohoCatalyst.email.CREATE","ZohoCatalyst.tables.ALL","ZohoCatalyst.tables.rows.ALL","ZohoCatalyst.tables.columns.ALL","ZohoCatalyst.tables.bulk.CREATE","ZohoCatalyst.tables.bulk.READ","ZohoCatalyst.folders.ALL","ZohoCatalyst.files.CREATE","ZohoCatalyst.files.READ","ZohoCatalyst.files.DELETE","ZohoCatalyst.functions.ALL","ZohoCatalyst.functions.EXECUTE","ZohoCatalyst.eventlistners.ALL","ZohoCatalyst.eventlisteners.produce","ZohoCatalyst.security.rules.Read","ZohoCatalyst.security.rules.Update","ZohoCatalyst.notifications.mobile","ZohoCatalyst.notifications.web","ZohoCatalyst.search.READ","ZohoCatalyst.mlkit.READ","QuickML.deployment.READ","ZohoCatalyst.pdfshot.execute","ZohoCatalyst.grid.READ","ZohoCatalyst.grid.terminate","ZohoCatalyst.circuits.execution.DELETE","ZohoCatalyst.circuits.execution.READ","ZohoCatalyst.circuits.execute","ZohoCatalyst.appsail.Read","ZohoCatalyst.jobpool.READ","ZohoCatalyst.job.ALL","ZohoCatalyst.nosql.READ","ZohoCatalyst.nosql.rows.ALL"]
[debug] [2026-07-13T17:13:50.344Z] : >>>> HTTP REQUEST : GET https://api.catalyst.zoho.in/baas/v1/project/56039000000020001 

[debug] [2026-07-13T17:13:51.179Z] : <<<< HTTP RESPONSE : 200
Response Headers: {"server":"ZGS","date":"Mon, 13 Jul 2026 17:13:51 GMT","content-type":"application/vnd.catalyst.v2+json","transfer-encoding":"chunked","connection":"keep-alive","x-content-type-options":"nosniff","cache-control":"private,no-cache,no-store,max-age=0,must-revalidate","pragma":"no-cache","expires":"Thu, 01 Jan 1970 00:00:00 GMT","x-frame-options":"DENY","strict-transport-security":"max-age=64072000; includeSubDomains; preload"}

[debug] [2026-07-13T17:13:51.189Z] : >>>> HTTP REQUEST : GET https://api.catalyst.zoho.in/baas/v1/project/56039000000020001/environment 

[debug] [2026-07-13T17:13:51.353Z] : <<<< HTTP RESPONSE : 200
Response Headers: {"server":"ZGS","date":"Mon, 13 Jul 2026 17:13:51 GMT","content-type":"application/vnd.catalyst.v2+json","transfer-encoding":"chunked","connection":"keep-alive","x-content-type-options":"nosniff","cache-control":"private,no-cache,no-store,max-age=0,must-revalidate","pragma":"no-cache","expires":"Thu, 01 Jan 1970 00:00:00 GMT","x-frame-options":"DENY","strict-transport-security":"max-age=64072000; includeSubDomains; preload"}

[debug] [2026-07-13T17:13:51.778Z] : No basic functions to add
[debug] [2026-07-13T17:13:51.934Z] : No API Gateway configuration found. Skipping API Gateway rules
[info] [2026-07-13T17:13:51.939Z] : 
[info] [2026-07-13T17:13:51.940Z] :  >>>>>>>>>>>>> Web Client <<<<<<<<<<<<
[info] [2026-07-13T17:13:51.941Z] : i client[drishti]: http://localhost:3000/app/
[info] [2026-07-13T17:13:51.942Z] : 
[info] [2026-07-13T17:13:54.034Z] : [1783962834033]  "GET"  "/"
[info] [2026-07-13T17:13:54.052Z] : [1783962834052]  "GET"  "/app/"
[info] [2026-07-13T17:13:54.281Z] : [1783962834280]  "GET"  "/assets/index-OlarKWU1.css"
[info] [2026-07-13T17:13:54.502Z] : [1783962834501]  "GET"  "/app/.catalyst%5Creload-script.js"
[info] [2026-07-13T17:13:54.507Z] : [1783962834506]  "GET"  "/assets/index-Or9lsmFB.js"
[info] [2026-07-13T17:13:55.104Z] : [1783962835104]  "GET"  "/Main-logo.png"
[info] [2026-07-13T17:13:55.336Z] : [1783962835335]  "GET"  "/app/.catalyst%5Creload-script.js"
[info] [2026-07-13T17:13:55.354Z] : [1783962835353]  "GET"  "/assets/index-Or9lsmFB.js"
[info] [2026-07-13T17:15:24.263Z] : [1783962924262]  "POST"  "/api/ai/seed-data"
[info] [2026-07-13T17:15:28.515Z] : [1783962928515]  "GET"  "/assets/index-OlarKWU1.css"
[info] [2026-07-13T17:15:28.562Z] : [1783962928561]  "GET"  "/.well-known/appspecific/com.chrome.devtools.json"
[info] [2026-07-13T17:15:43.339Z] : [1783962943338]  "POST"  "/server/api/ai/seed-data"
[info] [2026-07-13T17:16:16.841Z] : [1783962976840]  "GET"  "/"
[info] [2026-07-13T17:16:21.634Z] : [1783962981634]  "GET"  "/app/"
